2012-10-22 15:18:42 Error: [NotFoundException] Invalid category
#0 [internal function]: CategoriesController->edit()
#1 /Library/WebServer/Documents/cakephp223/lib/Cake/Controller/Controller.php(485): ReflectionMethod->invokeArgs(Object(CategoriesController), Array)
#2 /Library/WebServer/Documents/cakephp223/lib/Cake/Routing/Dispatcher.php(186): Controller->invokeAction(Object(CakeRequest))
#3 /Library/WebServer/Documents/cakephp223/lib/Cake/Routing/Dispatcher.php(161): Dispatcher->_invoke(Object(CategoriesController), Object(CakeRequest), Object(CakeResponse))
#4 /Library/WebServer/Documents/cakephp223/app/webroot/index.php(92): Dispatcher->dispatch(Object(CakeRequest), Object(CakeResponse))
#5 {main}
2012-10-22 15:29:51 Error: [NotFoundException] Invalid category
#0 [internal function]: CategoriesController->edit()
#1 /Library/WebServer/Documents/cakephp223/lib/Cake/Controller/Controller.php(485): ReflectionMethod->invokeArgs(Object(CategoriesController), Array)
#2 /Library/WebServer/Documents/cakephp223/lib/Cake/Routing/Dispatcher.php(186): Controller->invokeAction(Object(CakeRequest))
#3 /Library/WebServer/Documents/cakephp223/lib/Cake/Routing/Dispatcher.php(161): Dispatcher->_invoke(Object(CategoriesController), Object(CakeRequest), Object(CakeResponse))
#4 /Library/WebServer/Documents/cakephp223/app/webroot/index.php(92): Dispatcher->dispatch(Object(CakeRequest), Object(CakeResponse))
#5 {main}
2012-10-22 15:30:40 Error: [NotFoundException] Invalid category
#0 [internal function]: CategoriesController->edit()
#1 /Library/WebServer/Documents/cakephp223/lib/Cake/Controller/Controller.php(485): ReflectionMethod->invokeArgs(Object(CategoriesController), Array)
#2 /Library/WebServer/Documents/cakephp223/lib/Cake/Routing/Dispatcher.php(186): Controller->invokeAction(Object(CakeRequest))
#3 /Library/WebServer/Documents/cakephp223/lib/Cake/Routing/Dispatcher.php(161): Dispatcher->_invoke(Object(CategoriesController), Object(CakeRequest), Object(CakeResponse))
#4 /Library/WebServer/Documents/cakephp223/app/webroot/index.php(92): Dispatcher->dispatch(Object(CakeRequest), Object(CakeResponse))
#5 {main}
2012-10-22 19:52:14 Error: [MissingControllerException] Controller class KnowhowController could not be found.
#0 /Library/WebServer/Documents/cakephp223/app/webroot/index.php(95): Dispatcher->dispatch(Object(CakeRequest), Object(CakeResponse))
#1 {main}
2012-10-22 19:52:21 Error: [MissingControllerException] Controller class KnowhowController could not be found.
#0 /Library/WebServer/Documents/cakephp223/app/webroot/index.php(95): Dispatcher->dispatch(Object(CakeRequest), Object(CakeResponse))
#1 {main}
2012-10-23 20:15:47 Error: [PDOException] SQLSTATE[42S22]: Column not found: 1054 Unknown column 'Category.knowhow_id' in 'on clause'
#0 /Library/WebServer/Documents/cakephp223/lib/Cake/Model/Datasource/DboSource.php(459): PDOStatement->execute(Array)
#1 /Library/WebServer/Documents/cakephp223/lib/Cake/Model/Datasource/DboSource.php(425): DboSource->_execute('SELECT `Categor...', Array)
#2 /Library/WebServer/Documents/cakephp223/lib/Cake/Model/Datasource/DboSource.php(669): DboSource->execute('SELECT `Categor...', Array, Array)
#3 /Library/WebServer/Documents/cakephp223/lib/Cake/Model/Datasource/DboSource.php(1080): DboSource->fetchAll('SELECT `Categor...', false)
#4 /Library/WebServer/Documents/cakephp223/lib/Cake/Model/Model.php(2630): DboSource->read(Object(Category), Array)
#5 /Library/WebServer/Documents/cakephp223/lib/Cake/Controller/Component/PaginatorComponent.php(173): Model->find('all', Array)
#6 /Library/WebServer/Documents/cakephp223/lib/Cake/Controller/Controller.php(1081): PaginatorComponent->paginate(NULL, Array, Array)
#7 /Library/WebServer/Documents/cakephp223/app/Controller/CategoriesController.php(17): Controller->paginate()
#8 [internal function]: CategoriesController->index()
#9 /Library/WebServer/Documents/cakephp223/lib/Cake/Controller/Controller.php(485): ReflectionMethod->invokeArgs(Object(CategoriesController), Array)
#10 /Library/WebServer/Documents/cakephp223/lib/Cake/Routing/Dispatcher.php(186): Controller->invokeAction(Object(CakeRequest))
#11 /Library/WebServer/Documents/cakephp223/lib/Cake/Routing/Dispatcher.php(161): Dispatcher->_invoke(Object(CategoriesController), Object(CakeRequest), Object(CakeResponse))
#12 /Library/WebServer/Documents/cakephp223/app/webroot/index.php(95): Dispatcher->dispatch(Object(CakeRequest), Object(CakeResponse))
#13 {main}
2012-10-24 01:34:30 Error: [PDOException] SQLSTATE[42000]: Syntax error or access violation: 1064 You have an error in your SQL syntax; check the manual that corresponds to your MySQL server version for the right syntax to use near 'findAll' at line 1
#0 /Library/WebServer/Documents/cakephp223/lib/Cake/Model/Datasource/DboSource.php(459): PDOStatement->execute(Array)
#1 /Library/WebServer/Documents/cakephp223/lib/Cake/Model/Datasource/DboSource.php(425): DboSource->_execute('findAll', Array)
#2 /Library/WebServer/Documents/cakephp223/lib/Cake/Model/Datasource/DboSource.php(669): DboSource->execute('findAll', Array, Array)
#3 /Library/WebServer/Documents/cakephp223/lib/Cake/Model/Datasource/DboSource.php(611): DboSource->fetchAll('findAll', Array, Array)
#4 /Library/WebServer/Documents/cakephp223/lib/Cake/Model/Model.php(784): DboSource->query('findAll', Array, Object(Category))
#5 /Library/WebServer/Documents/cakephp223/app/Controller/KnowhowsController.php(21): Model->__call('findAll', Array)
#6 /Library/WebServer/Documents/cakephp223/app/Controller/KnowhowsController.php(21): Category->findAll()
#7 [internal function]: KnowhowsController->index()
#8 /Library/WebServer/Documents/cakephp223/lib/Cake/Controller/Controller.php(485): ReflectionMethod->invokeArgs(Object(KnowhowsController), Array)
#9 /Library/WebServer/Documents/cakephp223/lib/Cake/Routing/Dispatcher.php(186): Controller->invokeAction(Object(CakeRequest))
#10 /Library/WebServer/Documents/cakephp223/lib/Cake/Routing/Dispatcher.php(161): Dispatcher->_invoke(Object(KnowhowsController), Object(CakeRequest), Object(CakeResponse))
#11 /Library/WebServer/Documents/cakephp223/app/webroot/index.php(95): Dispatcher->dispatch(Object(CakeRequest), Object(CakeResponse))
#12 {main}
2012-10-24 01:56:14 Error: Fatal Error (1): Call to a member function findAll() on a non-object in [/Library/WebServer/Documents/cakephp223/app/Controller/KnowhowsController.php, line 25]
2012-10-24 01:56:14 Error: [FatalErrorException] Call to a member function findAll() on a non-object
#0 /Library/WebServer/Documents/cakephp223/lib/Cake/Error/ErrorHandler.php(161): ErrorHandler::handleFatalError(1, 'Call to a membe...', '/Library/WebSer...', 25)
#1 [internal function]: ErrorHandler::handleError(1, 'Call to a membe...', '/Library/WebSer...', 25, Array)
#2 /Library/WebServer/Documents/cakephp223/lib/Cake/Core/App.php(926): call_user_func('ErrorHandler::h...', 1, 'Call to a membe...', '/Library/WebSer...', 25, Array)
#3 /Library/WebServer/Documents/cakephp223/lib/Cake/Core/App.php(899): App::_checkFatalError()
#4 [internal function]: App::shutdown()
#5 {main}
2012-10-24 01:56:35 Error: [PDOException] SQLSTATE[42000]: Syntax error or access violation: 1064 You have an error in your SQL syntax; check the manual that corresponds to your MySQL server version for the right syntax to use near 'findAll' at line 1
#0 /Library/WebServer/Documents/cakephp223/lib/Cake/Model/Datasource/DboSource.php(459): PDOStatement->execute(Array)
#1 /Library/WebServer/Documents/cakephp223/lib/Cake/Model/Datasource/DboSource.php(425): DboSource->_execute('findAll', Array)
#2 /Library/WebServer/Documents/cakephp223/lib/Cake/Model/Datasource/DboSource.php(669): DboSource->execute('findAll', Array, Array)
#3 /Library/WebServer/Documents/cakephp223/lib/Cake/Model/Datasource/DboSource.php(611): DboSource->fetchAll('findAll', Array, Array)
#4 /Library/WebServer/Documents/cakephp223/lib/Cake/Model/Model.php(784): DboSource->query('findAll', Array, Object(Category))
#5 /Library/WebServer/Documents/cakephp223/app/Controller/KnowhowsController.php(26): Model->__call('findAll', Array)
#6 /Library/WebServer/Documents/cakephp223/app/Controller/KnowhowsController.php(26): Category->findAll()
#7 [internal function]: KnowhowsController->index()
#8 /Library/WebServer/Documents/cakephp223/lib/Cake/Controller/Controller.php(485): ReflectionMethod->invokeArgs(Object(KnowhowsController), Array)
#9 /Library/WebServer/Documents/cakephp223/lib/Cake/Routing/Dispatcher.php(186): Controller->invokeAction(Object(CakeRequest))
#10 /Library/WebServer/Documents/cakephp223/lib/Cake/Routing/Dispatcher.php(161): Dispatcher->_invoke(Object(KnowhowsController), Object(CakeRequest), Object(CakeResponse))
#11 /Library/WebServer/Documents/cakephp223/app/webroot/index.php(95): Dispatcher->dispatch(Object(CakeRequest), Object(CakeResponse))
#12 {main}
2012-10-24 02:00:38 Error: [MissingTableException] Table categories_knowhows for model CategoriesKnowhow was not found in datasource default.
#0 /Library/WebServer/Documents/cakephp223/lib/Cake/Model/Model.php(3179): Model->setSource('categories_know...')
#1 /Library/WebServer/Documents/cakephp223/lib/Cake/Model/Model.php(1301): Model->getDataSource()
#2 /Library/WebServer/Documents/cakephp223/lib/Cake/Model/Model.php(847): Model->schema()
#3 /Library/WebServer/Documents/cakephp223/lib/Cake/Model/Model.php(872): Model->__isset('CategoriesKnowh...')
#4 /Library/WebServer/Documents/cakephp223/lib/Cake/Model/Model.php(3247): Model->__get('CategoriesKnowh...')
#5 /Library/WebServer/Documents/cakephp223/lib/Cake/Model/Datasource/DboSource.php(1596): Model->joinModel('CategoriesKnowh...', Array)
#6 /Library/WebServer/Documents/cakephp223/lib/Cake/Model/Datasource/DboSource.php(1071): DboSource->generateAssociationQuery(Object(Knowhow), Object(AppModel), 'hasAndBelongsTo...', 'Categories', Array, Array, false, NULL)
#7 /Library/WebServer/Documents/cakephp223/lib/Cake/Model/Model.php(2630): DboSource->read(Object(Knowhow), Array)
#8 /Library/WebServer/Documents/cakephp223/lib/Cake/Model/Model.php(1516): Model->find('first', Array)
#9 /Library/WebServer/Documents/cakephp223/app/Controller/KnowhowsController.php(44): Model->read(NULL, '1')
#10 [internal function]: KnowhowsController->view('1')
#11 /Library/WebServer/Documents/cakephp223/lib/Cake/Controller/Controller.php(485): ReflectionMethod->invokeArgs(Object(KnowhowsController), Array)
#12 /Library/WebServer/Documents/cakephp223/lib/Cake/Routing/Dispatcher.php(186): Controller->invokeAction(Object(CakeRequest))
#13 /Library/WebServer/Documents/cakephp223/lib/Cake/Routing/Dispatcher.php(161): Dispatcher->_invoke(Object(KnowhowsController), Object(CakeRequest), Object(CakeResponse))
#14 /Library/WebServer/Documents/cakephp223/app/webroot/index.php(95): Dispatcher->dispatch(Object(CakeRequest), Object(CakeResponse))
#15 {main}
2012-10-24 02:01:16 Error: [MissingTableException] Table categories_knowhows for model CategoriesKnowhow was not found in datasource default.
#0 /Library/WebServer/Documents/cakephp223/lib/Cake/Model/Model.php(3179): Model->setSource('categories_know...')
#1 /Library/WebServer/Documents/cakephp223/lib/Cake/Model/Model.php(1301): Model->getDataSource()
#2 /Library/WebServer/Documents/cakephp223/lib/Cake/Model/Model.php(847): Model->schema()
#3 /Library/WebServer/Documents/cakephp223/lib/Cake/Model/Model.php(872): Model->__isset('CategoriesKnowh...')
#4 /Library/WebServer/Documents/cakephp223/lib/Cake/Model/Model.php(3247): Model->__get('CategoriesKnowh...')
#5 /Library/WebServer/Documents/cakephp223/lib/Cake/Model/Datasource/DboSource.php(1596): Model->joinModel('CategoriesKnowh...', Array)
#6 /Library/WebServer/Documents/cakephp223/lib/Cake/Model/Datasource/DboSource.php(1071): DboSource->generateAssociationQuery(Object(Knowhow), Object(AppModel), 'hasAndBelongsTo...', 'Categories', Array, Array, false, NULL)
#7 /Library/WebServer/Documents/cakephp223/lib/Cake/Model/Model.php(2630): DboSource->read(Object(Knowhow), Array)
#8 /Library/WebServer/Documents/cakephp223/lib/Cake/Model/Model.php(1516): Model->find('first', Array)
#9 /Library/WebServer/Documents/cakephp223/app/Controller/KnowhowsController.php(45): Model->read(NULL, '1')
#10 [internal function]: KnowhowsController->view('1')
#11 /Library/WebServer/Documents/cakephp223/lib/Cake/Controller/Controller.php(485): ReflectionMethod->invokeArgs(Object(KnowhowsController), Array)
#12 /Library/WebServer/Documents/cakephp223/lib/Cake/Routing/Dispatcher.php(186): Controller->invokeAction(Object(CakeRequest))
#13 /Library/WebServer/Documents/cakephp223/lib/Cake/Routing/Dispatcher.php(161): Dispatcher->_invoke(Object(KnowhowsController), Object(CakeRequest), Object(CakeResponse))
#14 /Library/WebServer/Documents/cakephp223/app/webroot/index.php(95): Dispatcher->dispatch(Object(CakeRequest), Object(CakeResponse))
#15 {main}
2012-10-24 02:18:10 Error: Fatal Error (4): parse error in [/Library/WebServer/Documents/cakephp223/app/View/Knowhows/add.ctp, line 15]
2012-10-24 02:18:10 Error: [FatalErrorException] parse error
#0 /Library/WebServer/Documents/cakephp223/lib/Cake/Error/ErrorHandler.php(161): ErrorHandler::handleFatalError(4, 'parse error', '/Library/WebSer...', 15)
#1 [internal function]: ErrorHandler::handleError(4, 'parse error', '/Library/WebSer...', 15, Array)
#2 /Library/WebServer/Documents/cakephp223/lib/Cake/Core/App.php(926): call_user_func('ErrorHandler::h...', 4, 'parse error', '/Library/WebSer...', 15, Array)
#3 /Library/WebServer/Documents/cakephp223/lib/Cake/Core/App.php(899): App::_checkFatalError()
#4 [internal function]: App::shutdown()
#5 {main}
2012-10-24 02:18:36 Error: Fatal Error (4): parse error in [/Library/WebServer/Documents/cakephp223/app/View/Knowhows/add.ctp, line 15]
2012-10-24 02:18:36 Error: [FatalErrorException] parse error
#0 /Library/WebServer/Documents/cakephp223/lib/Cake/Error/ErrorHandler.php(161): ErrorHandler::handleFatalError(4, 'parse error', '/Library/WebSer...', 15)
#1 [internal function]: ErrorHandler::handleError(4, 'parse error', '/Library/WebSer...', 15, Array)
#2 /Library/WebServer/Documents/cakephp223/lib/Cake/Core/App.php(926): call_user_func('ErrorHandler::h...', 4, 'parse error', '/Library/WebSer...', 15, Array)
#3 /Library/WebServer/Documents/cakephp223/lib/Cake/Core/App.php(899): App::_checkFatalError()
#4 [internal function]: App::shutdown()
#5 {main}
2012-10-24 02:18:42 Error: Fatal Error (4): parse error in [/Library/WebServer/Documents/cakephp223/app/View/Knowhows/add.ctp, line 15]
2012-10-24 02:18:42 Error: [FatalErrorException] parse error
#0 /Library/WebServer/Documents/cakephp223/lib/Cake/Error/ErrorHandler.php(161): ErrorHandler::handleFatalError(4, 'parse error', '/Library/WebSer...', 15)
#1 [internal function]: ErrorHandler::handleError(4, 'parse error', '/Library/WebSer...', 15, Array)
#2 /Library/WebServer/Documents/cakephp223/lib/Cake/Core/App.php(926): call_user_func('ErrorHandler::h...', 4, 'parse error', '/Library/WebSer...', 15, Array)
#3 /Library/WebServer/Documents/cakephp223/lib/Cake/Core/App.php(899): App::_checkFatalError()
#4 [internal function]: App::shutdown()
#5 {main}
2012-10-24 17:58:27 Error: Fatal Error (4): parse error, expecting `T_FUNCTION' in [/Library/WebServer/Documents/cakephp223/app/Model/Category.php, line 9]
2012-10-24 17:58:27 Error: [FatalErrorException] parse error, expecting `T_FUNCTION'
#0 /Library/WebServer/Documents/cakephp223/lib/Cake/Error/ErrorHandler.php(161): ErrorHandler::handleFatalError(4, 'parse error, ex...', '/Library/WebSer...', 9)
#1 [internal function]: ErrorHandler::handleError(4, 'parse error, ex...', '/Library/WebSer...', 9, Array)
#2 /Library/WebServer/Documents/cakephp223/lib/Cake/Core/App.php(926): call_user_func('ErrorHandler::h...', 4, 'parse error, ex...', '/Library/WebSer...', 9, Array)
#3 /Library/WebServer/Documents/cakephp223/lib/Cake/Core/App.php(899): App::_checkFatalError()
#4 [internal function]: App::shutdown()
#5 {main}
2012-10-24 17:58:32 Error: Fatal Error (4): parse error, expecting `T_FUNCTION' in [/Library/WebServer/Documents/cakephp223/app/Model/Category.php, line 9]
2012-10-24 17:58:32 Error: [FatalErrorException] parse error, expecting `T_FUNCTION'
#0 /Library/WebServer/Documents/cakephp223/lib/Cake/Error/ErrorHandler.php(161): ErrorHandler::handleFatalError(4, 'parse error, ex...', '/Library/WebSer...', 9)
#1 [internal function]: ErrorHandler::handleError(4, 'parse error, ex...', '/Library/WebSer...', 9, Array)
#2 /Library/WebServer/Documents/cakephp223/lib/Cake/Core/App.php(926): call_user_func('ErrorHandler::h...', 4, 'parse error, ex...', '/Library/WebSer...', 9, Array)
#3 /Library/WebServer/Documents/cakephp223/lib/Cake/Core/App.php(899): App::_checkFatalError()
#4 [internal function]: App::shutdown()
#5 {main}
2012-10-24 17:58:48 Error: Fatal Error (4): parse error, expecting `T_FUNCTION' in [/Library/WebServer/Documents/cakephp223/app/Model/Category.php, line 9]
2012-10-24 17:58:48 Error: [FatalErrorException] parse error, expecting `T_FUNCTION'
#0 /Library/WebServer/Documents/cakephp223/lib/Cake/Error/ErrorHandler.php(161): ErrorHandler::handleFatalError(4, 'parse error, ex...', '/Library/WebSer...', 9)
#1 [internal function]: ErrorHandler::handleError(4, 'parse error, ex...', '/Library/WebSer...', 9, Array)
#2 /Library/WebServer/Documents/cakephp223/lib/Cake/Core/App.php(926): call_user_func('ErrorHandler::h...', 4, 'parse error, ex...', '/Library/WebSer...', 9, Array)
#3 /Library/WebServer/Documents/cakephp223/lib/Cake/Core/App.php(899): App::_checkFatalError()
#4 [internal function]: App::shutdown()
#5 {main}
2012-10-24 18:59:16 Error: [MissingTableException] Table knowhows_cats for model KnowhowsCat was not found in datasource default.
#0 /Library/WebServer/Documents/cakephp223/lib/Cake/Model/Model.php(3179): Model->setSource('knowhows_cats')
#1 /Library/WebServer/Documents/cakephp223/lib/Cake/Model/Model.php(1301): Model->getDataSource()
#2 /Library/WebServer/Documents/cakephp223/lib/Cake/Model/Model.php(847): Model->schema()
#3 /Library/WebServer/Documents/cakephp223/lib/Cake/Model/Model.php(872): Model->__isset('KnowhowsCat')
#4 /Library/WebServer/Documents/cakephp223/lib/Cake/Model/Model.php(3247): Model->__get('KnowhowsCat')
#5 /Library/WebServer/Documents/cakephp223/lib/Cake/Model/Datasource/DboSource.php(1596): Model->joinModel('KnowhowsCat', Array)
#6 /Library/WebServer/Documents/cakephp223/lib/Cake/Model/Datasource/DboSource.php(1071): DboSource->generateAssociationQuery(Object(Category), Object(Category), 'hasAndBelongsTo...', 'CatsCap', Array, Array, false, NULL)
#7 /Library/WebServer/Documents/cakephp223/lib/Cake/Model/Model.php(2630): DboSource->read(Object(Category), Array)
#8 /Library/WebServer/Documents/cakephp223/app/Controller/KnowhowsController.php(52): Model->find('all')
#9 [internal function]: KnowhowsController->add()
#10 /Library/WebServer/Documents/cakephp223/lib/Cake/Controller/Controller.php(485): ReflectionMethod->invokeArgs(Object(KnowhowsController), Array)
#11 /Library/WebServer/Documents/cakephp223/lib/Cake/Routing/Dispatcher.php(186): Controller->invokeAction(Object(CakeRequest))
#12 /Library/WebServer/Documents/cakephp223/lib/Cake/Routing/Dispatcher.php(161): Dispatcher->_invoke(Object(KnowhowsController), Object(CakeRequest), Object(CakeResponse))
#13 /Library/WebServer/Documents/cakephp223/app/webroot/index.php(95): Dispatcher->dispatch(Object(CakeRequest), Object(CakeResponse))
#14 {main}
2012-10-24 19:11:07 Error: Fatal Error (4): parse error, expecting `T_FUNCTION' in [/Library/WebServer/Documents/cakephp223/app/Model/Category.php, line 14]
2012-10-24 19:11:07 Error: [FatalErrorException] parse error, expecting `T_FUNCTION'
#0 /Library/WebServer/Documents/cakephp223/lib/Cake/Error/ErrorHandler.php(161): ErrorHandler::handleFatalError(4, 'parse error, ex...', '/Library/WebSer...', 14)
#1 [internal function]: ErrorHandler::handleError(4, 'parse error, ex...', '/Library/WebSer...', 14, Array)
#2 /Library/WebServer/Documents/cakephp223/lib/Cake/Core/App.php(926): call_user_func('ErrorHandler::h...', 4, 'parse error, ex...', '/Library/WebSer...', 14, Array)
#3 /Library/WebServer/Documents/cakephp223/lib/Cake/Core/App.php(899): App::_checkFatalError()
#4 [internal function]: App::shutdown()
#5 {main}
2012-10-24 19:13:20 Error: Fatal Error (4): parse error, expecting `T_FUNCTION' in [/Library/WebServer/Documents/cakephp223/app/Model/Category.php, line 14]
2012-10-24 19:13:20 Error: [FatalErrorException] parse error, expecting `T_FUNCTION'
#0 /Library/WebServer/Documents/cakephp223/lib/Cake/Error/ErrorHandler.php(161): ErrorHandler::handleFatalError(4, 'parse error, ex...', '/Library/WebSer...', 14)
#1 [internal function]: ErrorHandler::handleError(4, 'parse error, ex...', '/Library/WebSer...', 14, Array)
#2 /Library/WebServer/Documents/cakephp223/lib/Cake/Core/App.php(926): call_user_func('ErrorHandler::h...', 4, 'parse error, ex...', '/Library/WebSer...', 14, Array)
#3 /Library/WebServer/Documents/cakephp223/lib/Cake/Core/App.php(899): App::_checkFatalError()
#4 [internal function]: App::shutdown()
#5 {main}
2012-10-24 19:13:31 Error: Fatal Error (4): parse error, expecting `T_FUNCTION' in [/Library/WebServer/Documents/cakephp223/app/Model/Category.php, line 14]
2012-10-24 19:13:31 Error: [FatalErrorException] parse error, expecting `T_FUNCTION'
#0 /Library/WebServer/Documents/cakephp223/lib/Cake/Error/ErrorHandler.php(161): ErrorHandler::handleFatalError(4, 'parse error, ex...', '/Library/WebSer...', 14)
#1 [internal function]: ErrorHandler::handleError(4, 'parse error, ex...', '/Library/WebSer...', 14, Array)
#2 /Library/WebServer/Documents/cakephp223/lib/Cake/Core/App.php(926): call_user_func('ErrorHandler::h...', 4, 'parse error, ex...', '/Library/WebSer...', 14, Array)
#3 /Library/WebServer/Documents/cakephp223/lib/Cake/Core/App.php(899): App::_checkFatalError()
#4 [internal function]: App::shutdown()
#5 {main}
2012-10-24 19:13:35 Error: Fatal Error (4): parse error, expecting `T_FUNCTION' in [/Library/WebServer/Documents/cakephp223/app/Model/Category.php, line 14]
2012-10-24 19:13:35 Error: [FatalErrorException] parse error, expecting `T_FUNCTION'
#0 /Library/WebServer/Documents/cakephp223/lib/Cake/Error/ErrorHandler.php(161): ErrorHandler::handleFatalError(4, 'parse error, ex...', '/Library/WebSer...', 14)
#1 [internal function]: ErrorHandler::handleError(4, 'parse error, ex...', '/Library/WebSer...', 14, Array)
#2 /Library/WebServer/Documents/cakephp223/lib/Cake/Core/App.php(926): call_user_func('ErrorHandler::h...', 4, 'parse error, ex...', '/Library/WebSer...', 14, Array)
#3 /Library/WebServer/Documents/cakephp223/lib/Cake/Core/App.php(899): App::_checkFatalError()
#4 [internal function]: App::shutdown()
#5 {main}
2012-10-24 19:14:18 Error: Fatal Error (4): parse error, expecting `T_FUNCTION' in [/Library/WebServer/Documents/cakephp223/app/Model/Category.php, line 14]
2012-10-24 19:14:18 Error: [FatalErrorException] parse error, expecting `T_FUNCTION'
#0 /Library/WebServer/Documents/cakephp223/lib/Cake/Error/ErrorHandler.php(161): ErrorHandler::handleFatalError(4, 'parse error, ex...', '/Library/WebSer...', 14)
#1 [internal function]: ErrorHandler::handleError(4, 'parse error, ex...', '/Library/WebSer...', 14, Array)
#2 /Library/WebServer/Documents/cakephp223/lib/Cake/Core/App.php(926): call_user_func('ErrorHandler::h...', 4, 'parse error, ex...', '/Library/WebSer...', 14, Array)
#3 /Library/WebServer/Documents/cakephp223/lib/Cake/Core/App.php(899): App::_checkFatalError()
#4 [internal function]: App::shutdown()
#5 {main}
2012-10-24 19:14:50 Error: Fatal Error (4): parse error, expecting `T_FUNCTION' in [/Library/WebServer/Documents/cakephp223/app/Model/Category.php, line 14]
2012-10-24 19:14:50 Error: [FatalErrorException] parse error, expecting `T_FUNCTION'
#0 /Library/WebServer/Documents/cakephp223/lib/Cake/Error/ErrorHandler.php(161): ErrorHandler::handleFatalError(4, 'parse error, ex...', '/Library/WebSer...', 14)
#1 [internal function]: ErrorHandler::handleError(4, 'parse error, ex...', '/Library/WebSer...', 14, Array)
#2 /Library/WebServer/Documents/cakephp223/lib/Cake/Core/App.php(926): call_user_func('ErrorHandler::h...', 4, 'parse error, ex...', '/Library/WebSer...', 14, Array)
#3 /Library/WebServer/Documents/cakephp223/lib/Cake/Core/App.php(899): App::_checkFatalError()
#4 [internal function]: App::shutdown()
#5 {main}
2012-10-24 19:16:49 Error: Fatal Error (4): parse error, expecting `T_FUNCTION' in [/Library/WebServer/Documents/cakephp223/app/Model/Category.php, line 14]
2012-10-24 19:16:49 Error: [FatalErrorException] parse error, expecting `T_FUNCTION'
#0 /Library/WebServer/Documents/cakephp223/lib/Cake/Error/ErrorHandler.php(161): ErrorHandler::handleFatalError(4, 'parse error, ex...', '/Library/WebSer...', 14)
#1 [internal function]: ErrorHandler::handleError(4, 'parse error, ex...', '/Library/WebSer...', 14, Array)
#2 /Library/WebServer/Documents/cakephp223/lib/Cake/Core/App.php(926): call_user_func('ErrorHandler::h...', 4, 'parse error, ex...', '/Library/WebSer...', 14, Array)
#3 /Library/WebServer/Documents/cakephp223/lib/Cake/Core/App.php(899): App::_checkFatalError()
#4 [internal function]: App::shutdown()
#5 {main}
2012-10-24 21:45:47 Error: [MissingControllerException] Controller class Test2Controller could not be found.
#0 /Library/WebServer/Documents/cakephp223/app/webroot/index.php(95): Dispatcher->dispatch(Object(CakeRequest), Object(CakeResponse))
#1 {main}
2012-10-24 21:46:24 Error: [MissingViewException] View file "/Library/WebServer/Documents/cakephp223/app/View/Test2/index.ctp" is missing.
#0 /Library/WebServer/Documents/cakephp223/lib/Cake/View/View.php(473): View->_getViewFileName(NULL)
#1 /Library/WebServer/Documents/cakephp223/lib/Cake/Controller/Controller.php(956): View->render(NULL, NULL)
#2 /Library/WebServer/Documents/cakephp223/lib/Cake/Routing/Dispatcher.php(193): Controller->render()
#3 /Library/WebServer/Documents/cakephp223/lib/Cake/Routing/Dispatcher.php(161): Dispatcher->_invoke(Object(Test2Controller), Object(CakeRequest), Object(CakeResponse))
#4 /Library/WebServer/Documents/cakephp223/app/webroot/index.php(95): Dispatcher->dispatch(Object(CakeRequest), Object(CakeResponse))
#5 {main}
2012-10-24 21:59:33 Error: Fatal Error (1): Call to a member function find() on a non-object in [/Library/WebServer/Documents/cakephp223/app/Controller/Test2Controller.php, line 9]
2012-10-24 21:59:33 Error: [FatalErrorException] Call to a member function find() on a non-object
#0 /Library/WebServer/Documents/cakephp223/lib/Cake/Error/ErrorHandler.php(161): ErrorHandler::handleFatalError(1, 'Call to a membe...', '/Library/WebSer...', 9)
#1 [internal function]: ErrorHandler::handleError(1, 'Call to a membe...', '/Library/WebSer...', 9, Array)
#2 /Library/WebServer/Documents/cakephp223/lib/Cake/Core/App.php(926): call_user_func('ErrorHandler::h...', 1, 'Call to a membe...', '/Library/WebSer...', 9, Array)
#3 /Library/WebServer/Documents/cakephp223/lib/Cake/Core/App.php(899): App::_checkFatalError()
#4 [internal function]: App::shutdown()
#5 {main}
2012-10-24 22:03:14 Error: Fatal Error (1): Call to a member function read() on a non-object in [/Library/WebServer/Documents/cakephp223/app/Controller/Test2Controller.php, line 9]
2012-10-24 22:03:14 Error: [FatalErrorException] Call to a member function read() on a non-object
#0 /Library/WebServer/Documents/cakephp223/lib/Cake/Error/ErrorHandler.php(161): ErrorHandler::handleFatalError(1, 'Call to a membe...', '/Library/WebSer...', 9)
#1 [internal function]: ErrorHandler::handleError(1, 'Call to a membe...', '/Library/WebSer...', 9, Array)
#2 /Library/WebServer/Documents/cakephp223/lib/Cake/Core/App.php(926): call_user_func('ErrorHandler::h...', 1, 'Call to a membe...', '/Library/WebSer...', 9, Array)
#3 /Library/WebServer/Documents/cakephp223/lib/Cake/Core/App.php(899): App::_checkFatalError()
#4 [internal function]: App::shutdown()
#5 {main}
2012-10-24 22:03:16 Error: Fatal Error (1): Call to a member function read() on a non-object in [/Library/WebServer/Documents/cakephp223/app/Controller/Test2Controller.php, line 9]
2012-10-24 22:03:16 Error: [FatalErrorException] Call to a member function read() on a non-object
#0 /Library/WebServer/Documents/cakephp223/lib/Cake/Error/ErrorHandler.php(161): ErrorHandler::handleFatalError(1, 'Call to a membe...', '/Library/WebSer...', 9)
#1 [internal function]: ErrorHandler::handleError(1, 'Call to a membe...', '/Library/WebSer...', 9, Array)
#2 /Library/WebServer/Documents/cakephp223/lib/Cake/Core/App.php(926): call_user_func('ErrorHandler::h...', 1, 'Call to a membe...', '/Library/WebSer...', 9, Array)
#3 /Library/WebServer/Documents/cakephp223/lib/Cake/Core/App.php(899): App::_checkFatalError()
#4 [internal function]: App::shutdown()
#5 {main}
2012-10-24 22:09:43 Error: Fatal Error (4): parse error in [/Library/WebServer/Documents/cakephp223/app/View/Test2/index.ctp, line 7]
2012-10-24 22:09:43 Error: [FatalErrorException] parse error
#0 /Library/WebServer/Documents/cakephp223/lib/Cake/Error/ErrorHandler.php(161): ErrorHandler::handleFatalError(4, 'parse error', '/Library/WebSer...', 7)
#1 [internal function]: ErrorHandler::handleError(4, 'parse error', '/Library/WebSer...', 7, Array)
#2 /Library/WebServer/Documents/cakephp223/lib/Cake/Core/App.php(926): call_user_func('ErrorHandler::h...', 4, 'parse error', '/Library/WebSer...', 7, Array)
#3 /Library/WebServer/Documents/cakephp223/lib/Cake/Core/App.php(899): App::_checkFatalError()
#4 [internal function]: App::shutdown()
#5 {main}
2012-10-24 22:09:49 Error: Fatal Error (4): parse error in [/Library/WebServer/Documents/cakephp223/app/View/Test2/index.ctp, line 7]
2012-10-24 22:09:49 Error: [FatalErrorException] parse error
#0 /Library/WebServer/Documents/cakephp223/lib/Cake/Error/ErrorHandler.php(161): ErrorHandler::handleFatalError(4, 'parse error', '/Library/WebSer...', 7)
#1 [internal function]: ErrorHandler::handleError(4, 'parse error', '/Library/WebSer...', 7, Array)
#2 /Library/WebServer/Documents/cakephp223/lib/Cake/Core/App.php(926): call_user_func('ErrorHandler::h...', 4, 'parse error', '/Library/WebSer...', 7, Array)
#3 /Library/WebServer/Documents/cakephp223/lib/Cake/Core/App.php(899): App::_checkFatalError()
#4 [internal function]: App::shutdown()
#5 {main}
2012-10-24 22:11:50 Error: Fatal Error (4): parse error in [/Library/WebServer/Documents/cakephp223/app/View/Test2/index.ctp, line 8]
2012-10-24 22:11:50 Error: [FatalErrorException] parse error
#0 /Library/WebServer/Documents/cakephp223/lib/Cake/Error/ErrorHandler.php(161): ErrorHandler::handleFatalError(4, 'parse error', '/Library/WebSer...', 8)
#1 [internal function]: ErrorHandler::handleError(4, 'parse error', '/Library/WebSer...', 8, Array)
#2 /Library/WebServer/Documents/cakephp223/lib/Cake/Core/App.php(926): call_user_func('ErrorHandler::h...', 4, 'parse error', '/Library/WebSer...', 8, Array)
#3 /Library/WebServer/Documents/cakephp223/lib/Cake/Core/App.php(899): App::_checkFatalError()
#4 [internal function]: App::shutdown()
#5 {main}
2012-10-24 22:11:53 Error: Fatal Error (4): parse error in [/Library/WebServer/Documents/cakephp223/app/View/Test2/index.ctp, line 8]
2012-10-24 22:11:53 Error: [FatalErrorException] parse error
#0 /Library/WebServer/Documents/cakephp223/lib/Cake/Error/ErrorHandler.php(161): ErrorHandler::handleFatalError(4, 'parse error', '/Library/WebSer...', 8)
#1 [internal function]: ErrorHandler::handleError(4, 'parse error', '/Library/WebSer...', 8, Array)
#2 /Library/WebServer/Documents/cakephp223/lib/Cake/Core/App.php(926): call_user_func('ErrorHandler::h...', 4, 'parse error', '/Library/WebSer...', 8, Array)
#3 /Library/WebServer/Documents/cakephp223/lib/Cake/Core/App.php(899): App::_checkFatalError()
#4 [internal function]: App::shutdown()
#5 {main}
2012-10-24 22:12:15 Error: Fatal Error (4): parse error in [/Library/WebServer/Documents/cakephp223/app/View/Test2/index.ctp, line 8]
2012-10-24 22:12:15 Error: [FatalErrorException] parse error
#0 /Library/WebServer/Documents/cakephp223/lib/Cake/Error/ErrorHandler.php(161): ErrorHandler::handleFatalError(4, 'parse error', '/Library/WebSer...', 8)
#1 [internal function]: ErrorHandler::handleError(4, 'parse error', '/Library/WebSer...', 8, Array)
#2 /Library/WebServer/Documents/cakephp223/lib/Cake/Core/App.php(926): call_user_func('ErrorHandler::h...', 4, 'parse error', '/Library/WebSer...', 8, Array)
#3 /Library/WebServer/Documents/cakephp223/lib/Cake/Core/App.php(899): App::_checkFatalError()
#4 [internal function]: App::shutdown()
#5 {main}
2012-10-24 22:13:53 Error: Fatal Error (4): parse error in [/Library/WebServer/Documents/cakephp223/app/View/Test2/index.ctp, line 8]
2012-10-24 22:13:53 Error: [FatalErrorException] parse error
#0 /Library/WebServer/Documents/cakephp223/lib/Cake/Error/ErrorHandler.php(161): ErrorHandler::handleFatalError(4, 'parse error', '/Library/WebSer...', 8)
#1 [internal function]: ErrorHandler::handleError(4, 'parse error', '/Library/WebSer...', 8, Array)
#2 /Library/WebServer/Documents/cakephp223/lib/Cake/Core/App.php(926): call_user_func('ErrorHandler::h...', 4, 'parse error', '/Library/WebSer...', 8, Array)
#3 /Library/WebServer/Documents/cakephp223/lib/Cake/Core/App.php(899): App::_checkFatalError()
#4 [internal function]: App::shutdown()
#5 {main}
2012-10-24 22:14:17 Error: Fatal Error (4): parse error in [/Library/WebServer/Documents/cakephp223/app/View/Test2/index.ctp, line 8]
2012-10-24 22:14:17 Error: [FatalErrorException] parse error
#0 /Library/WebServer/Documents/cakephp223/lib/Cake/Error/ErrorHandler.php(161): ErrorHandler::handleFatalError(4, 'parse error', '/Library/WebSer...', 8)
#1 [internal function]: ErrorHandler::handleError(4, 'parse error', '/Library/WebSer...', 8, Array)
#2 /Library/WebServer/Documents/cakephp223/lib/Cake/Core/App.php(926): call_user_func('ErrorHandler::h...', 4, 'parse error', '/Library/WebSer...', 8, Array)
#3 /Library/WebServer/Documents/cakephp223/lib/Cake/Core/App.php(899): App::_checkFatalError()
#4 [internal function]: App::shutdown()
#5 {main}
2012-10-24 22:14:25 Error: Fatal Error (4): parse error in [/Library/WebServer/Documents/cakephp223/app/View/Test2/index.ctp, line 8]
2012-10-24 22:14:25 Error: [FatalErrorException] parse error
#0 /Library/WebServer/Documents/cakephp223/lib/Cake/Error/ErrorHandler.php(161): ErrorHandler::handleFatalError(4, 'parse error', '/Library/WebSer...', 8)
#1 [internal function]: ErrorHandler::handleError(4, 'parse error', '/Library/WebSer...', 8, Array)
#2 /Library/WebServer/Documents/cakephp223/lib/Cake/Core/App.php(926): call_user_func('ErrorHandler::h...', 4, 'parse error', '/Library/WebSer...', 8, Array)
#3 /Library/WebServer/Documents/cakephp223/lib/Cake/Core/App.php(899): App::_checkFatalError()
#4 [internal function]: App::shutdown()
#5 {main}
2012-10-24 22:14:45 Error: Fatal Error (4): parse error in [/Library/WebServer/Documents/cakephp223/app/View/Test2/index.ctp, line 8]
2012-10-24 22:14:45 Error: [FatalErrorException] parse error
#0 /Library/WebServer/Documents/cakephp223/lib/Cake/Error/ErrorHandler.php(161): ErrorHandler::handleFatalError(4, 'parse error', '/Library/WebSer...', 8)
#1 [internal function]: ErrorHandler::handleError(4, 'parse error', '/Library/WebSer...', 8, Array)
#2 /Library/WebServer/Documents/cakephp223/lib/Cake/Core/App.php(926): call_user_func('ErrorHandler::h...', 4, 'parse error', '/Library/WebSer...', 8, Array)
#3 /Library/WebServer/Documents/cakephp223/lib/Cake/Core/App.php(899): App::_checkFatalError()
#4 [internal function]: App::shutdown()
#5 {main}
2012-10-24 22:14:58 Error: Fatal Error (4): parse error in [/Library/WebServer/Documents/cakephp223/app/View/Test2/index.ctp, line 8]
2012-10-24 22:14:58 Error: [FatalErrorException] parse error
#0 /Library/WebServer/Documents/cakephp223/lib/Cake/Error/ErrorHandler.php(161): ErrorHandler::handleFatalError(4, 'parse error', '/Library/WebSer...', 8)
#1 [internal function]: ErrorHandler::handleError(4, 'parse error', '/Library/WebSer...', 8, Array)
#2 /Library/WebServer/Documents/cakephp223/lib/Cake/Core/App.php(926): call_user_func('ErrorHandler::h...', 4, 'parse error', '/Library/WebSer...', 8, Array)
#3 /Library/WebServer/Documents/cakephp223/lib/Cake/Core/App.php(899): App::_checkFatalError()
#4 [internal function]: App::shutdown()
#5 {main}
2012-10-24 22:15:26 Error: Fatal Error (4): parse error in [/Library/WebServer/Documents/cakephp223/app/View/Test2/index.ctp, line 8]
2012-10-24 22:15:26 Error: [FatalErrorException] parse error
#0 /Library/WebServer/Documents/cakephp223/lib/Cake/Error/ErrorHandler.php(161): ErrorHandler::handleFatalError(4, 'parse error', '/Library/WebSer...', 8)
#1 [internal function]: ErrorHandler::handleError(4, 'parse error', '/Library/WebSer...', 8, Array)
#2 /Library/WebServer/Documents/cakephp223/lib/Cake/Core/App.php(926): call_user_func('ErrorHandler::h...', 4, 'parse error', '/Library/WebSer...', 8, Array)
#3 /Library/WebServer/Documents/cakephp223/lib/Cake/Core/App.php(899): App::_checkFatalError()
#4 [internal function]: App::shutdown()
#5 {main}
2012-10-24 22:15:46 Error: Fatal Error (4): parse error in [/Library/WebServer/Documents/cakephp223/app/View/Test2/index.ctp, line 8]
2012-10-24 22:15:46 Error: [FatalErrorException] parse error
#0 /Library/WebServer/Documents/cakephp223/lib/Cake/Error/ErrorHandler.php(161): ErrorHandler::handleFatalError(4, 'parse error', '/Library/WebSer...', 8)
#1 [internal function]: ErrorHandler::handleError(4, 'parse error', '/Library/WebSer...', 8, Array)
#2 /Library/WebServer/Documents/cakephp223/lib/Cake/Core/App.php(926): call_user_func('ErrorHandler::h...', 4, 'parse error', '/Library/WebSer...', 8, Array)
#3 /Library/WebServer/Documents/cakephp223/lib/Cake/Core/App.php(899): App::_checkFatalError()
#4 [internal function]: App::shutdown()
#5 {main}
2012-10-24 22:22:14 Error: Fatal Error (4): parse error in [/Library/WebServer/Documents/cakephp223/app/View/Test2/index.ctp, line 7]
2012-10-24 22:22:14 Error: [FatalErrorException] parse error
#0 /Library/WebServer/Documents/cakephp223/lib/Cake/Error/ErrorHandler.php(161): ErrorHandler::handleFatalError(4, 'parse error', '/Library/WebSer...', 7)
#1 [internal function]: ErrorHandler::handleError(4, 'parse error', '/Library/WebSer...', 7, Array)
#2 /Library/WebServer/Documents/cakephp223/lib/Cake/Core/App.php(926): call_user_func('ErrorHandler::h...', 4, 'parse error', '/Library/WebSer...', 7, Array)
#3 /Library/WebServer/Documents/cakephp223/lib/Cake/Core/App.php(899): App::_checkFatalError()
#4 [internal function]: App::shutdown()
#5 {main}
2012-10-24 22:22:17 Error: Fatal Error (4): parse error in [/Library/WebServer/Documents/cakephp223/app/View/Test2/index.ctp, line 7]
2012-10-24 22:22:17 Error: [FatalErrorException] parse error
#0 /Library/WebServer/Documents/cakephp223/lib/Cake/Error/ErrorHandler.php(161): ErrorHandler::handleFatalError(4, 'parse error', '/Library/WebSer...', 7)
#1 [internal function]: ErrorHandler::handleError(4, 'parse error', '/Library/WebSer...', 7, Array)
#2 /Library/WebServer/Documents/cakephp223/lib/Cake/Core/App.php(926): call_user_func('ErrorHandler::h...', 4, 'parse error', '/Library/WebSer...', 7, Array)
#3 /Library/WebServer/Documents/cakephp223/lib/Cake/Core/App.php(899): App::_checkFatalError()
#4 [internal function]: App::shutdown()
#5 {main}
2012-10-24 22:23:20 Error: Fatal Error (4): parse error in [/Library/WebServer/Documents/cakephp223/app/View/Test2/index.ctp, line 7]
2012-10-24 22:23:20 Error: [FatalErrorException] parse error
#0 /Library/WebServer/Documents/cakephp223/lib/Cake/Error/ErrorHandler.php(161): ErrorHandler::handleFatalError(4, 'parse error', '/Library/WebSer...', 7)
#1 [internal function]: ErrorHandler::handleError(4, 'parse error', '/Library/WebSer...', 7, Array)
#2 /Library/WebServer/Documents/cakephp223/lib/Cake/Core/App.php(926): call_user_func('ErrorHandler::h...', 4, 'parse error', '/Library/WebSer...', 7, Array)
#3 /Library/WebServer/Documents/cakephp223/lib/Cake/Core/App.php(899): App::_checkFatalError()
#4 [internal function]: App::shutdown()
#5 {main}
2012-10-24 22:24:07 Error: Fatal Error (4): parse error in [/Library/WebServer/Documents/cakephp223/app/View/Test2/index.ctp, line 7]
2012-10-24 22:24:07 Error: [FatalErrorException] parse error
#0 /Library/WebServer/Documents/cakephp223/lib/Cake/Error/ErrorHandler.php(161): ErrorHandler::handleFatalError(4, 'parse error', '/Library/WebSer...', 7)
#1 [internal function]: ErrorHandler::handleError(4, 'parse error', '/Library/WebSer...', 7, Array)
#2 /Library/WebServer/Documents/cakephp223/lib/Cake/Core/App.php(926): call_user_func('ErrorHandler::h...', 4, 'parse error', '/Library/WebSer...', 7, Array)
#3 /Library/WebServer/Documents/cakephp223/lib/Cake/Core/App.php(899): App::_checkFatalError()
#4 [internal function]: App::shutdown()
#5 {main}
2012-10-24 22:30:16 Error: Fatal Error (4): parse error in [/Library/WebServer/Documents/cakephp223/app/View/Test2/index.ctp, line 8]
2012-10-24 22:30:16 Error: [FatalErrorException] parse error
#0 /Library/WebServer/Documents/cakephp223/lib/Cake/Error/ErrorHandler.php(161): ErrorHandler::handleFatalError(4, 'parse error', '/Library/WebSer...', 8)
#1 [internal function]: ErrorHandler::handleError(4, 'parse error', '/Library/WebSer...', 8, Array)
#2 /Library/WebServer/Documents/cakephp223/lib/Cake/Core/App.php(926): call_user_func('ErrorHandler::h...', 4, 'parse error', '/Library/WebSer...', 8, Array)
#3 /Library/WebServer/Documents/cakephp223/lib/Cake/Core/App.php(899): App::_checkFatalError()
#4 [internal function]: App::shutdown()
#5 {main}
2012-10-24 22:31:09 Error: Fatal Error (4): parse error in [/Library/WebServer/Documents/cakephp223/app/View/Test2/index.ctp, line 8]
2012-10-24 22:31:09 Error: [FatalErrorException] parse error
#0 /Library/WebServer/Documents/cakephp223/lib/Cake/Error/ErrorHandler.php(161): ErrorHandler::handleFatalError(4, 'parse error', '/Library/WebSer...', 8)
#1 [internal function]: ErrorHandler::handleError(4, 'parse error', '/Library/WebSer...', 8, Array)
#2 /Library/WebServer/Documents/cakephp223/lib/Cake/Core/App.php(926): call_user_func('ErrorHandler::h...', 4, 'parse error', '/Library/WebSer...', 8, Array)
#3 /Library/WebServer/Documents/cakephp223/lib/Cake/Core/App.php(899): App::_checkFatalError()
#4 [internal function]: App::shutdown()
#5 {main}
2012-10-24 23:44:04 Error: Fatal Error (4): parse error in [/Library/WebServer/Documents/cakephp223/app/View/Test2/index.ctp, line 8]
2012-10-24 23:44:04 Error: [FatalErrorException] parse error
#0 /Library/WebServer/Documents/cakephp223/lib/Cake/Error/ErrorHandler.php(161): ErrorHandler::handleFatalError(4, 'parse error', '/Library/WebSer...', 8)
#1 [internal function]: ErrorHandler::handleError(4, 'parse error', '/Library/WebSer...', 8, Array)
#2 /Library/WebServer/Documents/cakephp223/lib/Cake/Core/App.php(926): call_user_func('ErrorHandler::h...', 4, 'parse error', '/Library/WebSer...', 8, Array)
#3 /Library/WebServer/Documents/cakephp223/lib/Cake/Core/App.php(899): App::_checkFatalError()
#4 [internal function]: App::shutdown()
#5 {main}
2012-10-24 23:46:56 Error: Fatal Error (4): parse error in [/Library/WebServer/Documents/cakephp223/app/View/Test2/index.ctp, line 8]
2012-10-24 23:46:56 Error: [FatalErrorException] parse error
#0 /Library/WebServer/Documents/cakephp223/lib/Cake/Error/ErrorHandler.php(161): ErrorHandler::handleFatalError(4, 'parse error', '/Library/WebSer...', 8)
#1 [internal function]: ErrorHandler::handleError(4, 'parse error', '/Library/WebSer...', 8, Array)
#2 /Library/WebServer/Documents/cakephp223/lib/Cake/Core/App.php(926): call_user_func('ErrorHandler::h...', 4, 'parse error', '/Library/WebSer...', 8, Array)
#3 /Library/WebServer/Documents/cakephp223/lib/Cake/Core/App.php(899): App::_checkFatalError()
#4 [internal function]: App::shutdown()
#5 {main}
2012-10-24 23:48:27 Error: Fatal Error (4): parse error in [/Library/WebServer/Documents/cakephp223/app/View/Test2/index.ctp, line 8]
2012-10-24 23:48:27 Error: [FatalErrorException] parse error
#0 /Library/WebServer/Documents/cakephp223/lib/Cake/Error/ErrorHandler.php(161): ErrorHandler::handleFatalError(4, 'parse error', '/Library/WebSer...', 8)
#1 [internal function]: ErrorHandler::handleError(4, 'parse error', '/Library/WebSer...', 8, Array)
#2 /Library/WebServer/Documents/cakephp223/lib/Cake/Core/App.php(926): call_user_func('ErrorHandler::h...', 4, 'parse error', '/Library/WebSer...', 8, Array)
#3 /Library/WebServer/Documents/cakephp223/lib/Cake/Core/App.php(899): App::_checkFatalError()
#4 [internal function]: App::shutdown()
#5 {main}
2012-10-24 23:48:38 Error: Fatal Error (4): parse error in [/Library/WebServer/Documents/cakephp223/app/View/Test2/index.ctp, line 8]
2012-10-24 23:48:38 Error: [FatalErrorException] parse error
#0 /Library/WebServer/Documents/cakephp223/lib/Cake/Error/ErrorHandler.php(161): ErrorHandler::handleFatalError(4, 'parse error', '/Library/WebSer...', 8)
#1 [internal function]: ErrorHandler::handleError(4, 'parse error', '/Library/WebSer...', 8, Array)
#2 /Library/WebServer/Documents/cakephp223/lib/Cake/Core/App.php(926): call_user_func('ErrorHandler::h...', 4, 'parse error', '/Library/WebSer...', 8, Array)
#3 /Library/WebServer/Documents/cakephp223/lib/Cake/Core/App.php(899): App::_checkFatalError()
#4 [internal function]: App::shutdown()
#5 {main}
2012-10-24 23:48:47 Error: Fatal Error (4): parse error in [/Library/WebServer/Documents/cakephp223/app/View/Test2/index.ctp, line 8]
2012-10-24 23:48:47 Error: [FatalErrorException] parse error
#0 /Library/WebServer/Documents/cakephp223/lib/Cake/Error/ErrorHandler.php(161): ErrorHandler::handleFatalError(4, 'parse error', '/Library/WebSer...', 8)
#1 [internal function]: ErrorHandler::handleError(4, 'parse error', '/Library/WebSer...', 8, Array)
#2 /Library/WebServer/Documents/cakephp223/lib/Cake/Core/App.php(926): call_user_func('ErrorHandler::h...', 4, 'parse error', '/Library/WebSer...', 8, Array)
#3 /Library/WebServer/Documents/cakephp223/lib/Cake/Core/App.php(899): App::_checkFatalError()
#4 [internal function]: App::shutdown()
#5 {main}
2012-10-25 01:36:57 Error: Fatal Error (4): parse error in [/Library/WebServer/Documents/cakephp223/app/View/Test2/index.ctp, line 7]
2012-10-25 01:36:57 Error: [FatalErrorException] parse error
#0 /Library/WebServer/Documents/cakephp223/lib/Cake/Error/ErrorHandler.php(161): ErrorHandler::handleFatalError(4, 'parse error', '/Library/WebSer...', 7)
#1 [internal function]: ErrorHandler::handleError(4, 'parse error', '/Library/WebSer...', 7, Array)
#2 /Library/WebServer/Documents/cakephp223/lib/Cake/Core/App.php(926): call_user_func('ErrorHandler::h...', 4, 'parse error', '/Library/WebSer...', 7, Array)
#3 /Library/WebServer/Documents/cakephp223/lib/Cake/Core/App.php(899): App::_checkFatalError()
#4 [internal function]: App::shutdown()
#5 {main}
2012-10-25 01:37:01 Error: Fatal Error (4): parse error in [/Library/WebServer/Documents/cakephp223/app/View/Test2/index.ctp, line 7]
2012-10-25 01:37:01 Error: [FatalErrorException] parse error
#0 /Library/WebServer/Documents/cakephp223/lib/Cake/Error/ErrorHandler.php(161): ErrorHandler::handleFatalError(4, 'parse error', '/Library/WebSer...', 7)
#1 [internal function]: ErrorHandler::handleError(4, 'parse error', '/Library/WebSer...', 7, Array)
#2 /Library/WebServer/Documents/cakephp223/lib/Cake/Core/App.php(926): call_user_func('ErrorHandler::h...', 4, 'parse error', '/Library/WebSer...', 7, Array)
#3 /Library/WebServer/Documents/cakephp223/lib/Cake/Core/App.php(899): App::_checkFatalError()
#4 [internal function]: App::shutdown()
#5 {main}
2012-10-25 19:37:31 Error: Fatal Error (4): parse error in [/Library/WebServer/Documents/cakephp223/app/View/Test2/index.ctp, line 30]
2012-10-25 19:37:31 Error: [FatalErrorException] parse error
#0 /Library/WebServer/Documents/cakephp223/lib/Cake/Error/ErrorHandler.php(161): ErrorHandler::handleFatalError(4, 'parse error', '/Library/WebSer...', 30)
#1 [internal function]: ErrorHandler::handleError(4, 'parse error', '/Library/WebSer...', 30, Array)
#2 /Library/WebServer/Documents/cakephp223/lib/Cake/Core/App.php(926): call_user_func('ErrorHandler::h...', 4, 'parse error', '/Library/WebSer...', 30, Array)
#3 /Library/WebServer/Documents/cakephp223/lib/Cake/Core/App.php(899): App::_checkFatalError()
#4 [internal function]: App::shutdown()
#5 {main}
2012-10-25 19:37:33 Error: Fatal Error (4): parse error in [/Library/WebServer/Documents/cakephp223/app/View/Test2/index.ctp, line 30]
2012-10-25 19:37:33 Error: [FatalErrorException] parse error
#0 /Library/WebServer/Documents/cakephp223/lib/Cake/Error/ErrorHandler.php(161): ErrorHandler::handleFatalError(4, 'parse error', '/Library/WebSer...', 30)
#1 [internal function]: ErrorHandler::handleError(4, 'parse error', '/Library/WebSer...', 30, Array)
#2 /Library/WebServer/Documents/cakephp223/lib/Cake/Core/App.php(926): call_user_func('ErrorHandler::h...', 4, 'parse error', '/Library/WebSer...', 30, Array)
#3 /Library/WebServer/Documents/cakephp223/lib/Cake/Core/App.php(899): App::_checkFatalError()
#4 [internal function]: App::shutdown()
#5 {main}
2012-10-27 18:48:13 Error: Fatal Error (4): parse error, expecting `']'' in [/Library/WebServer/Documents/cakephp223/app/Controller/Test2Controller.php, line 22]
2012-10-27 18:48:13 Error: [FatalErrorException] parse error, expecting `']''
#0 /Library/WebServer/Documents/cakephp223/lib/Cake/Error/ErrorHandler.php(161): ErrorHandler::handleFatalError(4, 'parse error, ex...', '/Library/WebSer...', 22)
#1 [internal function]: ErrorHandler::handleError(4, 'parse error, ex...', '/Library/WebSer...', 22, Array)
#2 /Library/WebServer/Documents/cakephp223/lib/Cake/Core/App.php(926): call_user_func('ErrorHandler::h...', 4, 'parse error, ex...', '/Library/WebSer...', 22, Array)
#3 /Library/WebServer/Documents/cakephp223/lib/Cake/Core/App.php(899): App::_checkFatalError()
#4 [internal function]: App::shutdown()
#5 {main}
2012-10-27 18:48:27 Error: Fatal Error (4): parse error, expecting `']'' in [/Library/WebServer/Documents/cakephp223/app/Controller/Test2Controller.php, line 22]
2012-10-27 18:48:27 Error: [FatalErrorException] parse error, expecting `']''
#0 /Library/WebServer/Documents/cakephp223/lib/Cake/Error/ErrorHandler.php(161): ErrorHandler::handleFatalError(4, 'parse error, ex...', '/Library/WebSer...', 22)
#1 [internal function]: ErrorHandler::handleError(4, 'parse error, ex...', '/Library/WebSer...', 22, Array)
#2 /Library/WebServer/Documents/cakephp223/lib/Cake/Core/App.php(926): call_user_func('ErrorHandler::h...', 4, 'parse error, ex...', '/Library/WebSer...', 22, Array)
#3 /Library/WebServer/Documents/cakephp223/lib/Cake/Core/App.php(899): App::_checkFatalError()
#4 [internal function]: App::shutdown()
#5 {main}
2012-10-27 18:48:45 Error: Fatal Error (4): parse error, expecting `']'' in [/Library/WebServer/Documents/cakephp223/app/Controller/Test2Controller.php, line 22]
2012-10-27 18:48:45 Error: [FatalErrorException] parse error, expecting `']''
#0 /Library/WebServer/Documents/cakephp223/lib/Cake/Error/ErrorHandler.php(161): ErrorHandler::handleFatalError(4, 'parse error, ex...', '/Library/WebSer...', 22)
#1 [internal function]: ErrorHandler::handleError(4, 'parse error, ex...', '/Library/WebSer...', 22, Array)
#2 /Library/WebServer/Documents/cakephp223/lib/Cake/Core/App.php(926): call_user_func('ErrorHandler::h...', 4, 'parse error, ex...', '/Library/WebSer...', 22, Array)
#3 /Library/WebServer/Documents/cakephp223/lib/Cake/Core/App.php(899): App::_checkFatalError()
#4 [internal function]: App::shutdown()
#5 {main}
2012-10-27 18:48:55 Error: Fatal Error (4): parse error in [/Library/WebServer/Documents/cakephp223/app/View/Test2/index.ctp, line 24]
2012-10-27 18:48:55 Error: [FatalErrorException] parse error
#0 /Library/WebServer/Documents/cakephp223/lib/Cake/Error/ErrorHandler.php(161): ErrorHandler::handleFatalError(4, 'parse error', '/Library/WebSer...', 24)
#1 [internal function]: ErrorHandler::handleError(4, 'parse error', '/Library/WebSer...', 24, Array)
#2 /Library/WebServer/Documents/cakephp223/lib/Cake/Core/App.php(926): call_user_func('ErrorHandler::h...', 4, 'parse error', '/Library/WebSer...', 24, Array)
#3 /Library/WebServer/Documents/cakephp223/lib/Cake/Core/App.php(899): App::_checkFatalError()
#4 [internal function]: App::shutdown()
#5 {main}
2012-10-28 00:14:44 Error: [MissingActionException] Action Test2Controller::bullet.gif() could not be found.
#0 /Library/WebServer/Documents/cakephp223/lib/Cake/Routing/Dispatcher.php(186): Controller->invokeAction(Object(CakeRequest))
#1 /Library/WebServer/Documents/cakephp223/lib/Cake/Routing/Dispatcher.php(161): Dispatcher->_invoke(Object(Test2Controller), Object(CakeRequest), Object(CakeResponse))
#2 /Library/WebServer/Documents/cakephp223/app/webroot/index.php(95): Dispatcher->dispatch(Object(CakeRequest), Object(CakeResponse))
#3 {main}
2012-10-28 00:14:48 Error: [MissingActionException] Action Test2Controller::bullet_checked.gif() could not be found.
#0 /Library/WebServer/Documents/cakephp223/lib/Cake/Routing/Dispatcher.php(186): Controller->invokeAction(Object(CakeRequest))
#1 /Library/WebServer/Documents/cakephp223/lib/Cake/Routing/Dispatcher.php(161): Dispatcher->_invoke(Object(Test2Controller), Object(CakeRequest), Object(CakeResponse))
#2 /Library/WebServer/Documents/cakephp223/app/webroot/index.php(95): Dispatcher->dispatch(Object(CakeRequest), Object(CakeResponse))
#3 {main}
2012-10-28 16:26:56 Error: Fatal Error (4): parse error in [/Library/WebServer/Documents/cakephp223/app/View/Test2/index.ctp, line 33]
2012-10-28 16:26:56 Error: [FatalErrorException] parse error
#0 /Library/WebServer/Documents/cakephp223/lib/Cake/Error/ErrorHandler.php(161): ErrorHandler::handleFatalError(4, 'parse error', '/Library/WebSer...', 33)
#1 [internal function]: ErrorHandler::handleError(4, 'parse error', '/Library/WebSer...', 33, Array)
#2 /Library/WebServer/Documents/cakephp223/lib/Cake/Core/App.php(926): call_user_func('ErrorHandler::h...', 4, 'parse error', '/Library/WebSer...', 33, Array)
#3 /Library/WebServer/Documents/cakephp223/lib/Cake/Core/App.php(899): App::_checkFatalError()
#4 [internal function]: App::shutdown()
#5 {main}
2012-10-28 16:27:23 Error: Fatal Error (4): parse error in [/Library/WebServer/Documents/cakephp223/app/View/Test2/index.ctp, line 33]
2012-10-28 16:27:23 Error: [FatalErrorException] parse error
#0 /Library/WebServer/Documents/cakephp223/lib/Cake/Error/ErrorHandler.php(161): ErrorHandler::handleFatalError(4, 'parse error', '/Library/WebSer...', 33)
#1 [internal function]: ErrorHandler::handleError(4, 'parse error', '/Library/WebSer...', 33, Array)
#2 /Library/WebServer/Documents/cakephp223/lib/Cake/Core/App.php(926): call_user_func('ErrorHandler::h...', 4, 'parse error', '/Library/WebSer...', 33, Array)
#3 /Library/WebServer/Documents/cakephp223/lib/Cake/Core/App.php(899): App::_checkFatalError()
#4 [internal function]: App::shutdown()
#5 {main}
2012-10-28 16:53:30 Error: Fatal Error (4): parse error in [/Library/WebServer/Documents/cakephp223/app/View/Test2/index.ctp, line 31]
2012-10-28 16:53:30 Error: [FatalErrorException] parse error
#0 /Library/WebServer/Documents/cakephp223/lib/Cake/Error/ErrorHandler.php(161): ErrorHandler::handleFatalError(4, 'parse error', '/Library/WebSer...', 31)
#1 [internal function]: ErrorHandler::handleError(4, 'parse error', '/Library/WebSer...', 31, Array)
#2 /Library/WebServer/Documents/cakephp223/lib/Cake/Core/App.php(926): call_user_func('ErrorHandler::h...', 4, 'parse error', '/Library/WebSer...', 31, Array)
#3 /Library/WebServer/Documents/cakephp223/lib/Cake/Core/App.php(899): App::_checkFatalError()
#4 [internal function]: App::shutdown()
#5 {main}
2012-10-28 16:56:11 Error: Fatal Error (4): parse error in [/Library/WebServer/Documents/cakephp223/app/View/Test2/index.ctp, line 31]
2012-10-28 16:56:11 Error: [FatalErrorException] parse error
#0 /Library/WebServer/Documents/cakephp223/lib/Cake/Error/ErrorHandler.php(161): ErrorHandler::handleFatalError(4, 'parse error', '/Library/WebSer...', 31)
#1 [internal function]: ErrorHandler::handleError(4, 'parse error', '/Library/WebSer...', 31, Array)
#2 /Library/WebServer/Documents/cakephp223/lib/Cake/Core/App.php(926): call_user_func('ErrorHandler::h...', 4, 'parse error', '/Library/WebSer...', 31, Array)
#3 /Library/WebServer/Documents/cakephp223/lib/Cake/Core/App.php(899): App::_checkFatalError()
#4 [internal function]: App::shutdown()
#5 {main}
2012-10-28 16:56:38 Error: Fatal Error (4): parse error in [/Library/WebServer/Documents/cakephp223/app/View/Test2/index.ctp, line 31]
2012-10-28 16:56:38 Error: [FatalErrorException] parse error
#0 /Library/WebServer/Documents/cakephp223/lib/Cake/Error/ErrorHandler.php(161): ErrorHandler::handleFatalError(4, 'parse error', '/Library/WebSer...', 31)
#1 [internal function]: ErrorHandler::handleError(4, 'parse error', '/Library/WebSer...', 31, Array)
#2 /Library/WebServer/Documents/cakephp223/lib/Cake/Core/App.php(926): call_user_func('ErrorHandler::h...', 4, 'parse error', '/Library/WebSer...', 31, Array)
#3 /Library/WebServer/Documents/cakephp223/lib/Cake/Core/App.php(899): App::_checkFatalError()
#4 [internal function]: App::shutdown()
#5 {main}
2012-10-28 17:04:39 Error: Fatal Error (1): Call to undefined function array_key() in [/Library/WebServer/Documents/cakephp223/app/View/Test2/index.ctp, line 33]
2012-10-28 17:04:39 Error: [FatalErrorException] Call to undefined function array_key()
#0 /Library/WebServer/Documents/cakephp223/lib/Cake/Error/ErrorHandler.php(161): ErrorHandler::handleFatalError(1, 'Call to undefin...', '/Library/WebSer...', 33)
#1 [internal function]: ErrorHandler::handleError(1, 'Call to undefin...', '/Library/WebSer...', 33, Array)
#2 /Library/WebServer/Documents/cakephp223/lib/Cake/Core/App.php(926): call_user_func('ErrorHandler::h...', 1, 'Call to undefin...', '/Library/WebSer...', 33, Array)
#3 /Library/WebServer/Documents/cakephp223/lib/Cake/Core/App.php(899): App::_checkFatalError()
#4 [internal function]: App::shutdown()
#5 {main}
2012-10-28 21:27:58 Error: [MissingTableException] Table test2s for model Test2 was not found in datasource default.
#0 /Library/WebServer/Documents/cakephp223/lib/Cake/Model/Model.php(3179): Model->setSource('test2s')
#1 /Library/WebServer/Documents/cakephp223/lib/Cake/Model/Model.php(1301): Model->getDataSource()
#2 /Library/WebServer/Documents/cakephp223/lib/Cake/View/Helper/FormHelper.php(197): Model->schema()
#3 /Library/WebServer/Documents/cakephp223/lib/Cake/View/Helper/FormHelper.php(438): FormHelper->_introspectModel('Test2', 'fields')
#4 /Library/WebServer/Documents/cakephp223/app/View/Test2/index.ctp(17): FormHelper->create('Test2')
#5 /Library/WebServer/Documents/cakephp223/lib/Cake/View/View.php(921): include('/Library/WebSer...')
#6 /Library/WebServer/Documents/cakephp223/lib/Cake/View/View.php(884): View->_evaluate('/Library/WebSer...', Array)
#7 /Library/WebServer/Documents/cakephp223/lib/Cake/View/View.php(476): View->_render('/Library/WebSer...')
#8 /Library/WebServer/Documents/cakephp223/lib/Cake/Controller/Controller.php(956): View->render(NULL, NULL)
#9 /Library/WebServer/Documents/cakephp223/lib/Cake/Routing/Dispatcher.php(193): Controller->render()
#10 /Library/WebServer/Documents/cakephp223/lib/Cake/Routing/Dispatcher.php(161): Dispatcher->_invoke(Object(Test2Controller), Object(CakeRequest), Object(CakeResponse))
#11 /Library/WebServer/Documents/cakephp223/app/webroot/index.php(95): Dispatcher->dispatch(Object(CakeRequest), Object(CakeResponse))
#12 {main}
2012-10-28 21:41:20 Error: [MissingTableException] Table test2s for model Test2 was not found in datasource default.
#0 /Library/WebServer/Documents/cakephp223/lib/Cake/Model/Model.php(3179): Model->setSource('test2s')
#1 /Library/WebServer/Documents/cakephp223/lib/Cake/Model/Model.php(1301): Model->getDataSource()
#2 /Library/WebServer/Documents/cakephp223/lib/Cake/View/Helper/FormHelper.php(197): Model->schema()
#3 /Library/WebServer/Documents/cakephp223/lib/Cake/View/Helper/FormHelper.php(438): FormHelper->_introspectModel('Test2', 'fields')
#4 /Library/WebServer/Documents/cakephp223/app/View/Test2/index.ctp(17): FormHelper->create('Test2')
#5 /Library/WebServer/Documents/cakephp223/lib/Cake/View/View.php(921): include('/Library/WebSer...')
#6 /Library/WebServer/Documents/cakephp223/lib/Cake/View/View.php(884): View->_evaluate('/Library/WebSer...', Array)
#7 /Library/WebServer/Documents/cakephp223/lib/Cake/View/View.php(476): View->_render('/Library/WebSer...')
#8 /Library/WebServer/Documents/cakephp223/lib/Cake/Controller/Controller.php(956): View->render(NULL, NULL)
#9 /Library/WebServer/Documents/cakephp223/lib/Cake/Routing/Dispatcher.php(193): Controller->render()
#10 /Library/WebServer/Documents/cakephp223/lib/Cake/Routing/Dispatcher.php(161): Dispatcher->_invoke(Object(Test2Controller), Object(CakeRequest), Object(CakeResponse))
#11 /Library/WebServer/Documents/cakephp223/app/webroot/index.php(95): Dispatcher->dispatch(Object(CakeRequest), Object(CakeResponse))
#12 {main}
2012-10-28 23:34:37 Error: [MissingTableException] Table test2s for model Test2 was not found in datasource default.
#0 /Library/WebServer/Documents/cakephp223/lib/Cake/Model/Model.php(3179): Model->setSource('test2s')
#1 /Library/WebServer/Documents/cakephp223/lib/Cake/Model/Model.php(1301): Model->getDataSource()
#2 /Library/WebServer/Documents/cakephp223/lib/Cake/View/Helper/FormHelper.php(197): Model->schema()
#3 /Library/WebServer/Documents/cakephp223/lib/Cake/View/Helper/FormHelper.php(438): FormHelper->_introspectModel('Test2', 'fields')
#4 /Library/WebServer/Documents/cakephp223/app/View/Test2/index.ctp(17): FormHelper->create()
#5 /Library/WebServer/Documents/cakephp223/lib/Cake/View/View.php(921): include('/Library/WebSer...')
#6 /Library/WebServer/Documents/cakephp223/lib/Cake/View/View.php(884): View->_evaluate('/Library/WebSer...', Array)
#7 /Library/WebServer/Documents/cakephp223/lib/Cake/View/View.php(476): View->_render('/Library/WebSer...')
#8 /Library/WebServer/Documents/cakephp223/lib/Cake/Controller/Controller.php(956): View->render(NULL, NULL)
#9 /Library/WebServer/Documents/cakephp223/lib/Cake/Routing/Dispatcher.php(193): Controller->render()
#10 /Library/WebServer/Documents/cakephp223/lib/Cake/Routing/Dispatcher.php(161): Dispatcher->_invoke(Object(Test2Controller), Object(CakeRequest), Object(CakeResponse))
#11 /Library/WebServer/Documents/cakephp223/app/webroot/index.php(95): Dispatcher->dispatch(Object(CakeRequest), Object(CakeResponse))
#12 {main}
2012-10-28 23:34:49 Error: [MissingTableException] Table test2s for model Test2 was not found in datasource default.
#0 /Library/WebServer/Documents/cakephp223/lib/Cake/Model/Model.php(3179): Model->setSource('test2s')
#1 /Library/WebServer/Documents/cakephp223/lib/Cake/Model/Model.php(1301): Model->getDataSource()
#2 /Library/WebServer/Documents/cakephp223/lib/Cake/View/Helper/FormHelper.php(197): Model->schema()
#3 /Library/WebServer/Documents/cakephp223/lib/Cake/View/Helper/FormHelper.php(438): FormHelper->_introspectModel('Test2', 'fields')
#4 /Library/WebServer/Documents/cakephp223/app/View/Test2/index.ctp(17): FormHelper->create()
#5 /Library/WebServer/Documents/cakephp223/lib/Cake/View/View.php(921): include('/Library/WebSer...')
#6 /Library/WebServer/Documents/cakephp223/lib/Cake/View/View.php(884): View->_evaluate('/Library/WebSer...', Array)
#7 /Library/WebServer/Documents/cakephp223/lib/Cake/View/View.php(476): View->_render('/Library/WebSer...')
#8 /Library/WebServer/Documents/cakephp223/lib/Cake/Controller/Controller.php(956): View->render(NULL, NULL)
#9 /Library/WebServer/Documents/cakephp223/lib/Cake/Routing/Dispatcher.php(193): Controller->render()
#10 /Library/WebServer/Documents/cakephp223/lib/Cake/Routing/Dispatcher.php(161): Dispatcher->_invoke(Object(Test2Controller), Object(CakeRequest), Object(CakeResponse))
#11 /Library/WebServer/Documents/cakephp223/app/webroot/index.php(95): Dispatcher->dispatch(Object(CakeRequest), Object(CakeResponse))
#12 {main}
2012-10-29 00:09:01 Error: Fatal Error (4): parse error in [/Library/WebServer/Documents/cakephp223/app/Controller/KnowhowsController.php, line 61]
2012-10-29 00:09:01 Error: [FatalErrorException] parse error
#0 /Library/WebServer/Documents/cakephp223/lib/Cake/Error/ErrorHandler.php(161): ErrorHandler::handleFatalError(4, 'parse error', '/Library/WebSer...', 61)
#1 [internal function]: ErrorHandler::handleError(4, 'parse error', '/Library/WebSer...', 61, Array)
#2 /Library/WebServer/Documents/cakephp223/lib/Cake/Core/App.php(926): call_user_func('ErrorHandler::h...', 4, 'parse error', '/Library/WebSer...', 61, Array)
#3 /Library/WebServer/Documents/cakephp223/lib/Cake/Core/App.php(899): App::_checkFatalError()
#4 [internal function]: App::shutdown()
#5 {main}
2012-10-29 00:09:18 Error: Fatal Error (4): parse error in [/Library/WebServer/Documents/cakephp223/app/Controller/KnowhowsController.php, line 61]
2012-10-29 00:09:18 Error: [FatalErrorException] parse error
#0 /Library/WebServer/Documents/cakephp223/lib/Cake/Error/ErrorHandler.php(161): ErrorHandler::handleFatalError(4, 'parse error', '/Library/WebSer...', 61)
#1 [internal function]: ErrorHandler::handleError(4, 'parse error', '/Library/WebSer...', 61, Array)
#2 /Library/WebServer/Documents/cakephp223/lib/Cake/Core/App.php(926): call_user_func('ErrorHandler::h...', 4, 'parse error', '/Library/WebSer...', 61, Array)
#3 /Library/WebServer/Documents/cakephp223/lib/Cake/Core/App.php(899): App::_checkFatalError()
#4 [internal function]: App::shutdown()
#5 {main}
2012-11-01 18:06:37 Error: Fatal Error (4): parse error in [/Library/WebServer/Documents/cakephp223/app/Controller/KnowhowsController.php, line 77]
2012-11-01 18:06:37 Error: [FatalErrorException] parse error
#0 /Library/WebServer/Documents/cakephp223/lib/Cake/Error/ErrorHandler.php(161): ErrorHandler::handleFatalError(4, 'parse error', '/Library/WebSer...', 77)
#1 [internal function]: ErrorHandler::handleError(4, 'parse error', '/Library/WebSer...', 77, Array)
#2 /Library/WebServer/Documents/cakephp223/lib/Cake/Core/App.php(926): call_user_func('ErrorHandler::h...', 4, 'parse error', '/Library/WebSer...', 77, Array)
#3 /Library/WebServer/Documents/cakephp223/lib/Cake/Core/App.php(899): App::_checkFatalError()
#4 [internal function]: App::shutdown()
#5 {main}
2012-11-01 18:06:48 Error: Fatal Error (4): parse error in [/Library/WebServer/Documents/cakephp223/app/Controller/KnowhowsController.php, line 77]
2012-11-01 18:06:48 Error: [FatalErrorException] parse error
#0 /Library/WebServer/Documents/cakephp223/lib/Cake/Error/ErrorHandler.php(161): ErrorHandler::handleFatalError(4, 'parse error', '/Library/WebSer...', 77)
#1 [internal function]: ErrorHandler::handleError(4, 'parse error', '/Library/WebSer...', 77, Array)
#2 /Library/WebServer/Documents/cakephp223/lib/Cake/Core/App.php(926): call_user_func('ErrorHandler::h...', 4, 'parse error', '/Library/WebSer...', 77, Array)
#3 /Library/WebServer/Documents/cakephp223/lib/Cake/Core/App.php(899): App::_checkFatalError()
#4 [internal function]: App::shutdown()
#5 {main}
